<?xml version="1.0" encoding="UTF-8"?>
<testsuite xmlns:xsi="http://www.w3.org/2001/XMLSchema-instance" xsi:noNamespaceSchemaLocation="https://maven.apache.org/surefire/maven-surefire-plugin/xsd/surefire-test-report.xsd" name="dev.markmcd.controller.ControllerTest" time="0.075" tests="10" errors="0" skipped="0" failures="1">
  <properties>
    <property name="java.specification.version" value="14"/>
    <property name="sun.jnu.encoding" value="UTF-8"/>
    <property name="java.class.path" value="/Users/markmcdermott/Desktop/cs5392-group-project-kusupati-liu-mcdermott-namala/target/test-classes:/Users/markmcdermott/Desktop/cs5392-group-project-kusupati-liu-mcdermott-namala/target/classes:/Users/markmcdermott/.m2/repository/junit/junit/4.11/junit-4.11.jar:/Users/markmcdermott/.m2/repository/org/hamcrest/hamcrest-core/1.3/hamcrest-core-1.3.jar:/Users/markmcdermott/.m2/repository/net/sf/jung/jung-algorithms/2.0.1/jung-algorithms-2.0.1.jar:/Users/markmcdermott/.m2/repository/net/sourceforge/collections/collections-generic/4.01/collections-generic-4.01.jar:/Users/markmcdermott/.m2/repository/colt/colt/1.2.0/colt-1.2.0.jar:/Users/markmcdermott/.m2/repository/concurrent/concurrent/1.3.4/concurrent-1.3.4.jar:/Users/markmcdermott/.m2/repository/net/sf/jung/jung-api/2.0.1/jung-api-2.0.1.jar:/Users/markmcdermott/.m2/repository/net/sf/jung/jung-graph-impl/2.0.1/jung-graph-impl-2.0.1.jar:/Users/markmcdermott/.m2/repository/net/sf/jung/jung-visualization/2.0.1/jung-visualization-2.0.1.jar:"/>
    <property name="java.vm.vendor" value="Oracle Corporation"/>
    <property name="sun.arch.data.model" value="64"/>
    <property name="java.vendor.url" value="https://java.oracle.com/"/>
    <property name="os.name" value="Mac OS X"/>
    <property name="java.vm.specification.version" value="14"/>
    <property name="sun.java.launcher" value="SUN_STANDARD"/>
    <property name="user.country" value="US"/>
    <property name="sun.boot.library.path" value="/Users/markmcdermott/Library/Java/JavaVirtualMachines/openjdk-14.0.1/Contents/Home/lib"/>
    <property name="sun.java.command" value="/Users/markmcdermott/Desktop/cs5392-group-project-kusupati-liu-mcdermott-namala/target/surefire/surefirebooter10229473460310895477.jar /Users/markmcdermott/Desktop/cs5392-group-project-kusupati-liu-mcdermott-namala/target/surefire 2021-11-23T19-00-00_634-jvmRun1 surefire4063937834262746607tmp surefire_017526869294932592670tmp"/>
    <property name="http.nonProxyHosts" value="local|*.local|169.254/16|*.169.254/16"/>
    <property name="jdk.debug" value="release"/>
    <property name="surefire.test.class.path" value="/Users/markmcdermott/Desktop/cs5392-group-project-kusupati-liu-mcdermott-namala/target/test-classes:/Users/markmcdermott/Desktop/cs5392-group-project-kusupati-liu-mcdermott-namala/target/classes:/Users/markmcdermott/.m2/repository/junit/junit/4.11/junit-4.11.jar:/Users/markmcdermott/.m2/repository/org/hamcrest/hamcrest-core/1.3/hamcrest-core-1.3.jar:/Users/markmcdermott/.m2/repository/net/sf/jung/jung-algorithms/2.0.1/jung-algorithms-2.0.1.jar:/Users/markmcdermott/.m2/repository/net/sourceforge/collections/collections-generic/4.01/collections-generic-4.01.jar:/Users/markmcdermott/.m2/repository/colt/colt/1.2.0/colt-1.2.0.jar:/Users/markmcdermott/.m2/repository/concurrent/concurrent/1.3.4/concurrent-1.3.4.jar:/Users/markmcdermott/.m2/repository/net/sf/jung/jung-api/2.0.1/jung-api-2.0.1.jar:/Users/markmcdermott/.m2/repository/net/sf/jung/jung-graph-impl/2.0.1/jung-graph-impl-2.0.1.jar:/Users/markmcdermott/.m2/repository/net/sf/jung/jung-visualization/2.0.1/jung-visualization-2.0.1.jar:"/>
    <property name="sun.cpu.endian" value="little"/>
    <property name="user.home" value="/Users/markmcdermott"/>
    <property name="user.language" value="en"/>
    <property name="java.specification.vendor" value="Oracle Corporation"/>
    <property name="java.version.date" value="2020-04-14"/>
    <property name="java.home" value="/Users/markmcdermott/Library/Java/JavaVirtualMachines/openjdk-14.0.1/Contents/Home"/>
    <property name="file.separator" value="/"/>
    <property name="basedir" value="/Users/markmcdermott/Desktop/cs5392-group-project-kusupati-liu-mcdermott-namala"/>
    <property name="java.vm.compressedOopsMode" value="Zero based"/>
    <property name="line.separator" value="&#10;"/>
    <property name="java.specification.name" value="Java Platform API Specification"/>
    <property name="java.vm.specification.vendor" value="Oracle Corporation"/>
    <property name="surefire.real.class.path" value="/Users/markmcdermott/Desktop/cs5392-group-project-kusupati-liu-mcdermott-namala/target/surefire/surefirebooter10229473460310895477.jar"/>
    <property name="sun.management.compiler" value="HotSpot 64-Bit Tiered Compilers"/>
    <property name="ftp.nonProxyHosts" value="local|*.local|169.254/16|*.169.254/16"/>
    <property name="java.runtime.version" value="14.0.1+7"/>
    <property name="user.name" value="markmcdermott"/>
    <property name="path.separator" value=":"/>
    <property name="os.version" value="10.16"/>
    <property name="java.runtime.name" value="OpenJDK Runtime Environment"/>
    <property name="file.encoding" value="UTF-8"/>
    <property name="java.vm.name" value="OpenJDK 64-Bit Server VM"/>
    <property name="localRepository" value="/Users/markmcdermott/.m2/repository"/>
    <property name="java.vendor.url.bug" value="https://bugreport.java.com/bugreport/"/>
    <property name="java.io.tmpdir" value="/var/folders/f3/qbkhh6hs2j96gdsfmp_9nzfr0000gn/T/"/>
    <property name="java.version" value="14.0.1"/>
    <property name="user.dir" value="/Users/markmcdermott/Desktop/cs5392-group-project-kusupati-liu-mcdermott-namala"/>
    <property name="os.arch" value="x86_64"/>
    <property name="java.vm.specification.name" value="Java Virtual Machine Specification"/>
    <property name="java.library.path" value="/Users/markmcdermott/Library/Java/Extensions:/Library/Java/Extensions:/Network/Library/Java/Extensions:/System/Library/Java/Extensions:/usr/lib/java:."/>
    <property name="java.vm.info" value="mixed mode, sharing"/>
    <property name="java.vendor" value="Oracle Corporation"/>
    <property name="java.vm.version" value="14.0.1+7"/>
    <property name="sun.io.unicode.encoding" value="UnicodeBig"/>
    <property name="socksNonProxyHosts" value="local|*.local|169.254/16|*.169.254/16"/>
    <property name="java.class.version" value="58.0"/>
  </properties>
  <testcase name="testGetTestFiles1" classname="dev.markmcd.controller.ControllerTest" time="0"/>
  <testcase name="testGetTestFiles2" classname="dev.markmcd.controller.ControllerTest" time="0"/>
  <testcase name="testGetTestFiles4" classname="dev.markmcd.controller.ControllerTest" time="0.061">
    <failure message="expected:&lt;[Model 1.txt, Model 2.txt, Model 3.txt, Model 4.txt, Model 5.txt, Model 6.txt, Model 7.txt, Model 8.txt]&gt; but was:&lt;[Model 1.txt, Model 2.txt, Model 3.txt, Model 4.txt, Model 5.txt, Model 6.txt, Model 7.txt]&gt;" type="java.lang.AssertionError"><![CDATA[java.lang.AssertionError: expected:<[Model 1.txt, Model 2.txt, Model 3.txt, Model 4.txt, Model 5.txt, Model 6.txt, Model 7.txt, Model 8.txt]> but was:<[Model 1.txt, Model 2.txt, Model 3.txt, Model 4.txt, Model 5.txt, Model 6.txt, Model 7.txt]>
	at dev.markmcd.controller.ControllerTest.testGetTestFiles4(ControllerTest.java:101)
]]></failure>
    <system-out><![CDATA[✅ model passed parsing - no syntax errors in kripke.txt
✅ formula passed parsing - "EXq" is well formed
✅ s3 holds for EXq
✅ s0 holds for EXq
❌ s1 does not hold for EXq
✅ s2 holds for EXq
]]></system-out>
  </testcase>
  <testcase name="testGetKripkeFromFile1" classname="dev.markmcd.controller.ControllerTest" time="0.004"/>
  <testcase name="testGetKripkeFromFile2" classname="dev.markmcd.controller.ControllerTest" time="0.007"/>
  <testcase name="testRunProgram1" classname="dev.markmcd.controller.ControllerTest" time="0.001"/>
  <testcase name="testRunProgram2" classname="dev.markmcd.controller.ControllerTest" time="0"/>
  <testcase name="testController1" classname="dev.markmcd.controller.ControllerTest" time="0"/>
  <testcase name="testController2" classname="dev.markmcd.controller.ControllerTest" time="0"/>
  <testcase name="testController3" classname="dev.markmcd.controller.ControllerTest" time="0"/>
</testsuite>