<?xml version="1.0" encoding="UTF-8"?>
<testsuite xmlns:xsi="http://www.w3.org/2001/XMLSchema-instance" xsi:noNamespaceSchemaLocation="https://maven.apache.org/surefire/maven-surefire-plugin/xsd/surefire-test-report.xsd" name="dev.markmcd.utils.UtilsTest" time="0.062" tests="36" errors="0" skipped="0" failures="0">
  <properties>
    <property name="java.specification.version" value="14"/>
    <property name="sun.jnu.encoding" value="UTF-8"/>
    <property name="java.class.path" value="/Users/markmcdermott/Desktop/modelCheckingCTL/target/test-classes:/Users/markmcdermott/Desktop/modelCheckingCTL/target/classes:/Users/markmcdermott/.m2/repository/junit/junit/4.11/junit-4.11.jar:/Users/markmcdermott/.m2/repository/org/hamcrest/hamcrest-core/1.3/hamcrest-core-1.3.jar:"/>
    <property name="java.vm.vendor" value="Oracle Corporation"/>
    <property name="sun.arch.data.model" value="64"/>
    <property name="java.vendor.url" value="https://java.oracle.com/"/>
    <property name="os.name" value="Mac OS X"/>
    <property name="java.vm.specification.version" value="14"/>
    <property name="sun.java.launcher" value="SUN_STANDARD"/>
    <property name="user.country" value="US"/>
    <property name="sun.boot.library.path" value="/Users/markmcdermott/Library/Java/JavaVirtualMachines/openjdk-14.0.1/Contents/Home/lib"/>
    <property name="sun.java.command" value="/Users/markmcdermott/Desktop/modelCheckingCTL/target/surefire/surefirebooter6767981101948223928.jar /Users/markmcdermott/Desktop/modelCheckingCTL/target/surefire 2021-10-02T00-04-11_876-jvmRun1 surefire14997211895204847248tmp surefire_012346632904001502847tmp"/>
    <property name="http.nonProxyHosts" value="local|*.local|169.254/16|*.169.254/16"/>
    <property name="jdk.debug" value="release"/>
    <property name="surefire.test.class.path" value="/Users/markmcdermott/Desktop/modelCheckingCTL/target/test-classes:/Users/markmcdermott/Desktop/modelCheckingCTL/target/classes:/Users/markmcdermott/.m2/repository/junit/junit/4.11/junit-4.11.jar:/Users/markmcdermott/.m2/repository/org/hamcrest/hamcrest-core/1.3/hamcrest-core-1.3.jar:"/>
    <property name="sun.cpu.endian" value="little"/>
    <property name="user.home" value="/Users/markmcdermott"/>
    <property name="user.language" value="en"/>
    <property name="java.specification.vendor" value="Oracle Corporation"/>
    <property name="java.version.date" value="2020-04-14"/>
    <property name="java.home" value="/Users/markmcdermott/Library/Java/JavaVirtualMachines/openjdk-14.0.1/Contents/Home"/>
    <property name="file.separator" value="/"/>
    <property name="basedir" value="/Users/markmcdermott/Desktop/modelCheckingCTL"/>
    <property name="java.vm.compressedOopsMode" value="Zero based"/>
    <property name="line.separator" value="&#10;"/>
    <property name="java.specification.name" value="Java Platform API Specification"/>
    <property name="java.vm.specification.vendor" value="Oracle Corporation"/>
    <property name="surefire.real.class.path" value="/Users/markmcdermott/Desktop/modelCheckingCTL/target/surefire/surefirebooter6767981101948223928.jar"/>
    <property name="sun.management.compiler" value="HotSpot 64-Bit Tiered Compilers"/>
    <property name="ftp.nonProxyHosts" value="local|*.local|169.254/16|*.169.254/16"/>
    <property name="java.runtime.version" value="14.0.1+7"/>
    <property name="user.name" value="markmcdermott"/>
    <property name="path.separator" value=":"/>
    <property name="os.version" value="10.16"/>
    <property name="java.runtime.name" value="OpenJDK Runtime Environment"/>
    <property name="file.encoding" value="UTF-8"/>
    <property name="java.vm.name" value="OpenJDK 64-Bit Server VM"/>
    <property name="localRepository" value="/Users/markmcdermott/.m2/repository"/>
    <property name="java.vendor.url.bug" value="https://bugreport.java.com/bugreport/"/>
    <property name="java.io.tmpdir" value="/var/folders/f3/qbkhh6hs2j96gdsfmp_9nzfr0000gn/T/"/>
    <property name="java.version" value="14.0.1"/>
    <property name="user.dir" value="/Users/markmcdermott/Desktop/modelCheckingCTL"/>
    <property name="os.arch" value="x86_64"/>
    <property name="java.vm.specification.name" value="Java Virtual Machine Specification"/>
    <property name="java.library.path" value="/Users/markmcdermott/Library/Java/Extensions:/Library/Java/Extensions:/Network/Library/Java/Extensions:/System/Library/Java/Extensions:/usr/lib/java:."/>
    <property name="java.vm.info" value="mixed mode, sharing"/>
    <property name="java.vendor" value="Oracle Corporation"/>
    <property name="java.vm.version" value="14.0.1+7"/>
    <property name="sun.io.unicode.encoding" value="UnicodeBig"/>
    <property name="socksNonProxyHosts" value="local|*.local|169.254/16|*.169.254/16"/>
    <property name="java.class.version" value="58.0"/>
  </properties>
  <testcase name="testIsStateName1" classname="dev.markmcd.utils.UtilsTest" time="0.002"/>
  <testcase name="testIsStateName2" classname="dev.markmcd.utils.UtilsTest" time="0"/>
  <testcase name="testIsStateName3" classname="dev.markmcd.utils.UtilsTest" time="0"/>
  <testcase name="testIsStateName4" classname="dev.markmcd.utils.UtilsTest" time="0.001"/>
  <testcase name="testIsStateName5" classname="dev.markmcd.utils.UtilsTest" time="0"/>
  <testcase name="testIsStateName6" classname="dev.markmcd.utils.UtilsTest" time="0"/>
  <testcase name="testIsStateName7" classname="dev.markmcd.utils.UtilsTest" time="0"/>
  <testcase name="testIsStateName8" classname="dev.markmcd.utils.UtilsTest" time="0.001"/>
  <testcase name="testIsStateName9" classname="dev.markmcd.utils.UtilsTest" time="0"/>
  <testcase name="testGetTransitionsStr1" classname="dev.markmcd.utils.UtilsTest" time="0.001"/>
  <testcase name="testGetTransitionsStr2" classname="dev.markmcd.utils.UtilsTest" time="0.001"/>
  <testcase name="testGetTransitionsStr3" classname="dev.markmcd.utils.UtilsTest" time="0.001"/>
  <testcase name="testGetTransitionsStr4" classname="dev.markmcd.utils.UtilsTest" time="0"/>
  <testcase name="testGetTransitionsStr5" classname="dev.markmcd.utils.UtilsTest" time="0"/>
  <testcase name="testGetTransitionsStr6" classname="dev.markmcd.utils.UtilsTest" time="0"/>
  <testcase name="testGetStatesStr10" classname="dev.markmcd.utils.UtilsTest" time="0"/>
  <testcase name="testGetStatesStr1" classname="dev.markmcd.utils.UtilsTest" time="0"/>
  <testcase name="testGetStatesStr2" classname="dev.markmcd.utils.UtilsTest" time="0.001"/>
  <testcase name="testGetStatesStr3" classname="dev.markmcd.utils.UtilsTest" time="0"/>
  <testcase name="testGetStatesStr4" classname="dev.markmcd.utils.UtilsTest" time="0"/>
  <testcase name="testGetStatesStr5" classname="dev.markmcd.utils.UtilsTest" time="0.001"/>
  <testcase name="testGetStatesStr6" classname="dev.markmcd.utils.UtilsTest" time="0"/>
  <testcase name="testGetStatesStr7" classname="dev.markmcd.utils.UtilsTest" time="0"/>
  <testcase name="testGetStatesStr8" classname="dev.markmcd.utils.UtilsTest" time="0"/>
  <testcase name="testGetStatesStr9" classname="dev.markmcd.utils.UtilsTest" time="0.001"/>
  <testcase name="testGetState1" classname="dev.markmcd.utils.UtilsTest" time="0"/>
  <testcase name="testGetState2" classname="dev.markmcd.utils.UtilsTest" time="0.001"/>
  <testcase name="testGetState3" classname="dev.markmcd.utils.UtilsTest" time="0"/>
  <testcase name="testGetState4" classname="dev.markmcd.utils.UtilsTest" time="0"/>
  <testcase name="testGetState5" classname="dev.markmcd.utils.UtilsTest" time="0"/>
  <testcase name="testGetState6" classname="dev.markmcd.utils.UtilsTest" time="0"/>
  <testcase name="testIsStateName10" classname="dev.markmcd.utils.UtilsTest" time="0"/>
  <testcase name="testIsStateName11" classname="dev.markmcd.utils.UtilsTest" time="0.002"/>
  <testcase name="testIsStateName12" classname="dev.markmcd.utils.UtilsTest" time="0"/>
  <testcase name="testIsStateName13" classname="dev.markmcd.utils.UtilsTest" time="0"/>
  <testcase name="testIsStateName14" classname="dev.markmcd.utils.UtilsTest" time="0"/>
</testsuite>